<?xml version="1.0" encoding="UTF-8"?>
<!-- Generated by org.testng.reporters.JUnitReportReporter -->
<testsuite hostname="DESKTOP-PFMH1SJ" failures="0" tests="1" name="com.obs.tests.CreateNewUserFromManageAccountscreen" time="19.138" errors="0" timestamp="2023-09-15T13:19:30 IST" skipped="0">
  <testcase classname="com.obs.tests.CreateNewUserFromManageAccountscreen" name="Create_New_User_From_ManageAccount" time="19.138"/>
  <system-out/>
</testsuite> <!-- com.obs.tests.CreateNewUserFromManageAccountscreen -->
