<?xml version="1.0" encoding="UTF-8"?>
<!-- Generated by org.testng.reporters.JUnitReportReporter -->
<testsuite hostname="DESKTOP-PFMH1SJ" failures="0" tests="1" name="com.obs.tests.SettingsScreen" time="7.780" errors="0" timestamp="2023-09-15T12:20:52 IST" skipped="0">
  <testcase classname="com.obs.tests.SettingsScreen" name="Verify_System_Information" time="7.780"/>
  <system-out/>
</testsuite> <!-- com.obs.tests.SettingsScreen -->
