<?xml version="1.0" encoding="UTF-8"?>
<!-- Generated by org.testng.reporters.JUnitReportReporter -->
<testsuite hostname="DESKTOP-POG8SID" failures="0" tests="1" name="com.obs.tests.CreateAnnouncements" time="14.776" errors="0" timestamp="2023-09-22T21:32:22 IST" skipped="0">
  <testcase classname="com.obs.tests.CreateAnnouncements" name="CreateAnnouncements" time="14.776"/>
  <system-out/>
</testsuite> <!-- com.obs.tests.CreateAnnouncements -->
