<?xml version="1.0" encoding="UTF-8"?>
<!-- Generated by org.testng.reporters.JUnitReportReporter -->
<testsuite hostname="DESKTOP-PFMH1SJ" failures="0" tests="1" name="com.obs.tests.DeleteAnnouncements" time="6.093" errors="0" timestamp="2023-09-14T13:45:40 IST" skipped="0">
  <testcase classname="com.obs.tests.DeleteAnnouncements" name="Delete_Announcement" time="6.093"/>
  <system-out/>
</testsuite> <!-- com.obs.tests.DeleteAnnouncements -->
