<?xml version="1.0" encoding="UTF-8"?>
<!-- Generated by org.testng.reporters.JUnitReportReporter -->
<testsuite hostname="DESKTOP-PFMH1SJ" failures="0" tests="1" name="com.obs.tests.CreateNewAccount" time="18.003" errors="0" timestamp="2023-09-15T12:13:13 IST" skipped="0">
  <testcase classname="com.obs.tests.CreateNewAccount" name="CreateNewAccount" time="18.003"/>
  <system-out/>
</testsuite> <!-- com.obs.tests.CreateNewAccount -->
