<?xml version="1.0" encoding="UTF-8"?>
<!-- Generated by org.testng.reporters.JUnitReportReporter -->
<testsuite hostname="DESKTOP-POG8SID" failures="0" tests="1" name="com.obs.tests.BannerMessageForTransfer" time="29.847" errors="0" timestamp="2023-09-22T21:33:40 IST" skipped="0">
  <testcase classname="com.obs.tests.BannerMessageForTransfer" name="Validate_BannerMessage_For_Transfer" time="29.847"/>
  <system-out/>
</testsuite> <!-- com.obs.tests.BannerMessageForTransfer -->
