<?xml version="1.0" encoding="UTF-8"?>
<!-- Generated by org.testng.reporters.JUnitReportReporter -->
<testsuite hostname="DESKTOP-PFMH1SJ" failures="0" tests="1" name="com.obs.tests.CancelFunctionalityinDepositScreen" time="10.904" errors="0" timestamp="2023-09-14T13:45:40 IST" skipped="0">
  <testcase classname="com.obs.tests.CancelFunctionalityinDepositScreen" name="CancelFunctionalityinDepositScreen" time="10.904"/>
  <system-out/>
</testsuite> <!-- com.obs.tests.CancelFunctionalityinDepositScreen -->
