<?xml version="1.0" encoding="UTF-8"?>
<!-- Generated by org.testng.reporters.JUnitReportReporter -->
<testsuite hostname="DESKTOP-PFMH1SJ" failures="0" tests="1" name="com.obs.tests.AdminWithdrawInvalidAccount" time="10.258" errors="0" timestamp="2023-09-14T13:45:40 IST" skipped="0">
  <testcase classname="com.obs.tests.AdminWithdrawInvalidAccount" name="Admin_Withdraw_Invalid_Account" time="10.258"/>
  <system-out/>
</testsuite> <!-- com.obs.tests.AdminWithdrawInvalidAccount -->
