<?xml version="1.0" encoding="UTF-8"?>
<!-- Generated by org.testng.reporters.JUnitReportReporter -->
<testsuite hostname="DESKTOP-POG8SID" failures="0" tests="1" name="com.obs.tests.LoginTest" time="10.336" errors="0" timestamp="2023-10-09T12:18:44 IST" skipped="0">
  <testcase classname="com.obs.tests.LoginTest" name="verifyLogin" time="10.336"/>
</testsuite> <!-- com.obs.tests.LoginTest -->
